2026-05-29 15:28:43.268 [main] ERROR org.apache.dubbo.configcenter.support.nacos.NacosDynamicConfiguration [] -  [DUBBO] Failed to create nacos config service client. Reason: server status check failed., dubbo version: 3.2.14, current host: 172.16.34.247, error code: 5-34. This may be caused by , go to https://dubbo.apache.org/faq/5/34 to find instructions. 
2026-05-29 15:28:43.287 [main] ERROR org.springframework.boot.SpringApplication [] - Application run failed
java.lang.IllegalStateException: java.lang.IllegalStateException: Failed to create nacos config service client. Reason: server status check failed.
	at org.apache.dubbo.config.deploy.DefaultApplicationDeployer.prepareEnvironment(DefaultApplicationDeployer.java:874) ~[dubbo-3.2.14.jar:3.2.14]
	at org.apache.dubbo.config.deploy.DefaultApplicationDeployer.startConfigCenter(DefaultApplicationDeployer.java:299) ~[dubbo-3.2.14.jar:3.2.14]
	at org.apache.dubbo.config.deploy.DefaultApplicationDeployer.initialize(DefaultApplicationDeployer.java:220) ~[dubbo-3.2.14.jar:3.2.14]
	at org.apache.dubbo.config.deploy.DefaultModuleDeployer.prepare(DefaultModuleDeployer.java:638) ~[dubbo-3.2.14.jar:3.2.14]
	at org.apache.dubbo.config.spring.context.DubboConfigApplicationListener.initDubboConfigBeans(DubboConfigApplicationListener.java:85) ~[dubbo-3.2.14.jar:3.2.14]
	at org.apache.dubbo.config.spring.context.DubboConfigApplicationListener.init(DubboConfigApplicationListener.java:68) ~[dubbo-3.2.14.jar:3.2.14]
	at org.apache.dubbo.config.spring.context.DubboConfigApplicationListener.onApplicationEvent(DubboConfigApplicationListener.java:59) ~[dubbo-3.2.14.jar:3.2.14]
	at org.apache.dubbo.config.spring.context.DubboConfigApplicationListener.onApplicationEvent(DubboConfigApplicationListener.java:38) ~[dubbo-3.2.14.jar:3.2.14]
	at org.springframework.context.event.SimpleApplicationEventMulticaster.doInvokeListener(SimpleApplicationEventMulticaster.java:185) ~[spring-context-6.1.6.jar:6.1.6]
	at org.springframework.context.event.SimpleApplicationEventMulticaster.invokeListener(SimpleApplicationEventMulticaster.java:178) ~[spring-context-6.1.6.jar:6.1.6]
	at org.springframework.context.event.SimpleApplicationEventMulticaster.multicastEvent(SimpleApplicationEventMulticaster.java:156) ~[spring-context-6.1.6.jar:6.1.6]
	at org.springframework.context.event.SimpleApplicationEventMulticaster.multicastEvent(SimpleApplicationEventMulticaster.java:138) ~[spring-context-6.1.6.jar:6.1.6]
	at org.springframework.context.support.AbstractApplicationContext.registerListeners(AbstractApplicationContext.java:925) ~[spring-context-6.1.6.jar:6.1.6]
	at org.springframework.context.support.AbstractApplicationContext.refresh(AbstractApplicationContext.java:621) ~[spring-context-6.1.6.jar:6.1.6]
	at org.springframework.boot.web.servlet.context.ServletWebServerApplicationContext.refresh(ServletWebServerApplicationContext.java:146) ~[spring-boot-3.2.5.jar:3.2.5]
	at org.springframework.boot.SpringApplication.refresh(SpringApplication.java:754) [spring-boot-3.2.5.jar:3.2.5]
	at org.springframework.boot.SpringApplication.refreshContext(SpringApplication.java:456) [spring-boot-3.2.5.jar:3.2.5]
	at org.springframework.boot.SpringApplication.run(SpringApplication.java:334) [spring-boot-3.2.5.jar:3.2.5]
	at org.springframework.boot.SpringApplication.run(SpringApplication.java:1354) [spring-boot-3.2.5.jar:3.2.5]
	at org.springframework.boot.SpringApplication.run(SpringApplication.java:1343) [spring-boot-3.2.5.jar:3.2.5]
	at com.mro.web.ManageWebApplication.main(ManageWebApplication.java:15) [classes/:?]
Caused by: java.lang.IllegalStateException: Failed to create nacos config service client. Reason: server status check failed.
	at org.apache.dubbo.configcenter.support.nacos.NacosDynamicConfiguration.buildConfigService(NacosDynamicConfiguration.java:147) ~[dubbo-3.2.14.jar:3.2.14]
	at org.apache.dubbo.configcenter.support.nacos.NacosDynamicConfiguration.<init>(NacosDynamicConfiguration.java:97) ~[dubbo-3.2.14.jar:3.2.14]
	at org.apache.dubbo.configcenter.support.nacos.NacosDynamicConfigurationFactory.createDynamicConfiguration(NacosDynamicConfigurationFactory.java:45) ~[dubbo-3.2.14.jar:3.2.14]
	at org.apache.dubbo.common.config.configcenter.AbstractDynamicConfigurationFactory.lambda$getDynamicConfiguration$0(AbstractDynamicConfigurationFactory.java:39) ~[dubbo-3.2.14.jar:3.2.14]
	at java.base/java.util.concurrent.ConcurrentHashMap.computeIfAbsent(ConcurrentHashMap.java:1708) ~[?:?]
	at org.apache.dubbo.common.utils.ConcurrentHashMapUtils.computeIfAbsent(ConcurrentHashMapUtils.java:56) ~[dubbo-3.2.14.jar:3.2.14]
	at org.apache.dubbo.common.config.configcenter.AbstractDynamicConfigurationFactory.getDynamicConfiguration(AbstractDynamicConfigurationFactory.java:39) ~[dubbo-3.2.14.jar:3.2.14]
	at org.apache.dubbo.config.deploy.DefaultApplicationDeployer.getDynamicConfiguration(DefaultApplicationDeployer.java:946) ~[dubbo-3.2.14.jar:3.2.14]
	at org.apache.dubbo.config.deploy.DefaultApplicationDeployer.prepareEnvironment(DefaultApplicationDeployer.java:862) ~[dubbo-3.2.14.jar:3.2.14]
	... 20 more
